{"/Users/alexanderzagniotov/develeopment/git/nodejs-hapi-messaging-rest-api/spec/integration/get.data.spec.js":{"path":"/Users/alexanderzagniotov/develeopment/git/nodejs-hapi-messaging-rest-api/spec/integration/get.data.spec.js","s":{"1":1,"2":1,"3":1,"4":1,"5":1,"6":1,"7":1,"8":1,"9":1,"10":1,"11":1,"12":1,"13":1,"14":1,"15":1},"b":{},"f":{"1":1,"2":1,"3":1,"4":1,"5":1},"fnMap":{"1":{"name":"(anonymous_1)","line":4,"loc":{"start":{"line":4,"column":21},"end":{"line":4,"column":33}}},"2":{"name":"(anonymous_2)","line":5,"loc":{"start":{"line":5,"column":36},"end":{"line":5,"column":52}}},"3":{"name":"(anonymous_3)","line":7,"loc":{"start":{"line":7,"column":31},"end":{"line":7,"column":51}}},"4":{"name":"(anonymous_4)","line":14,"loc":{"start":{"line":14,"column":40},"end":{"line":14,"column":56}}},"5":{"name":"(anonymous_5)","line":16,"loc":{"start":{"line":16,"column":31},"end":{"line":16,"column":51}}}},"statementMap":{"1":{"start":{"line":1,"column":0},"end":{"line":1,"column":57}},"2":{"start":{"line":2,"column":0},"end":{"line":2,"column":41}},"3":{"start":{"line":4,"column":0},"end":{"line":22,"column":3}},"4":{"start":{"line":5,"column":4},"end":{"line":12,"column":7}},"5":{"start":{"line":6,"column":8},"end":{"line":6,"column":54}},"6":{"start":{"line":7,"column":8},"end":{"line":11,"column":11}},"7":{"start":{"line":8,"column":12},"end":{"line":8,"column":50}},"8":{"start":{"line":9,"column":12},"end":{"line":9,"column":67}},"9":{"start":{"line":10,"column":12},"end":{"line":10,"column":19}},"10":{"start":{"line":14,"column":4},"end":{"line":21,"column":7}},"11":{"start":{"line":15,"column":8},"end":{"line":15,"column":56}},"12":{"start":{"line":16,"column":8},"end":{"line":20,"column":11}},"13":{"start":{"line":17,"column":12},"end":{"line":17,"column":50}},"14":{"start":{"line":18,"column":12},"end":{"line":18,"column":54}},"15":{"start":{"line":19,"column":12},"end":{"line":19,"column":19}}},"branchMap":{}},"/Users/alexanderzagniotov/develeopment/git/nodejs-hapi-messaging-rest-api/server/server.js":{"path":"/Users/alexanderzagniotov/develeopment/git/nodejs-hapi-messaging-rest-api/server/server.js","s":{"1":1,"2":1,"3":1,"4":2,"5":2,"6":2,"7":1,"8":2,"9":2,"10":2,"11":2,"12":1,"13":1,"14":2,"15":2,"16":1},"b":{"1":[1,1]},"f":{"1":2,"2":1,"3":2},"fnMap":{"1":{"name":"listen","line":4,"loc":{"start":{"line":4,"column":0},"end":{"line":4,"column":22}}},"2":{"name":"(anonymous_2)","line":11,"loc":{"start":{"line":11,"column":43},"end":{"line":11,"column":69}}},"3":{"name":"(anonymous_3)","line":16,"loc":{"start":{"line":16,"column":55},"end":{"line":16,"column":81}}}},"statementMap":{"1":{"start":{"line":1,"column":0},"end":{"line":1,"column":27}},"2":{"start":{"line":2,"column":0},"end":{"line":2,"column":44}},"3":{"start":{"line":4,"column":0},"end":{"line":28,"column":1}},"4":{"start":{"line":5,"column":4},"end":{"line":5,"column":35}},"5":{"start":{"line":6,"column":4},"end":{"line":9,"column":7}},"6":{"start":{"line":10,"column":4},"end":{"line":14,"column":6}},"7":{"start":{"line":12,"column":12},"end":{"line":12,"column":33}},"8":{"start":{"line":15,"column":4},"end":{"line":25,"column":6}},"9":{"start":{"line":17,"column":12},"end":{"line":17,"column":55}},"10":{"start":{"line":18,"column":12},"end":{"line":18,"column":64}},"11":{"start":{"line":19,"column":12},"end":{"line":23,"column":13}},"12":{"start":{"line":20,"column":16},"end":{"line":20,"column":35}},"13":{"start":{"line":22,"column":16},"end":{"line":22,"column":45}},"14":{"start":{"line":26,"column":4},"end":{"line":26,"column":41}},"15":{"start":{"line":27,"column":4},"end":{"line":27,"column":18}},"16":{"start":{"line":29,"column":0},"end":{"line":29,"column":34}}},"branchMap":{"1":{"line":19,"type":"if","locations":[{"start":{"line":19,"column":12},"end":{"line":19,"column":12}},{"start":{"line":19,"column":12},"end":{"line":19,"column":12}}]}}},"/Users/alexanderzagniotov/develeopment/git/nodejs-hapi-messaging-rest-api/spec/fixtures/data.js":{"path":"/Users/alexanderzagniotov/develeopment/git/nodejs-hapi-messaging-rest-api/spec/fixtures/data.js","s":{"1":1},"b":{},"f":{},"fnMap":{},"statementMap":{"1":{"start":{"line":1,"column":0},"end":{"line":1,"column":58}}},"branchMap":{}},"/Users/alexanderzagniotov/develeopment/git/nodejs-hapi-messaging-rest-api/spec/integration/health.check.spec.js":{"path":"/Users/alexanderzagniotov/develeopment/git/nodejs-hapi-messaging-rest-api/spec/integration/health.check.spec.js","s":{"1":1,"2":1,"3":1,"4":1,"5":1,"6":1,"7":1,"8":1},"b":{},"f":{"1":1,"2":1,"3":1},"fnMap":{"1":{"name":"(anonymous_1)","line":3,"loc":{"start":{"line":3,"column":25},"end":{"line":3,"column":37}}},"2":{"name":"(anonymous_2)","line":4,"loc":{"start":{"line":4,"column":61},"end":{"line":4,"column":77}}},"3":{"name":"(anonymous_3)","line":6,"loc":{"start":{"line":6,"column":31},"end":{"line":6,"column":51}}}},"statementMap":{"1":{"start":{"line":1,"column":0},"end":{"line":1,"column":57}},"2":{"start":{"line":3,"column":0},"end":{"line":12,"column":3}},"3":{"start":{"line":4,"column":4},"end":{"line":11,"column":7}},"4":{"start":{"line":5,"column":8},"end":{"line":5,"column":48}},"5":{"start":{"line":6,"column":8},"end":{"line":10,"column":11}},"6":{"start":{"line":7,"column":12},"end":{"line":7,"column":50}},"7":{"start":{"line":8,"column":12},"end":{"line":8,"column":56}},"8":{"start":{"line":9,"column":12},"end":{"line":9,"column":19}}},"branchMap":{}},"/Users/alexanderzagniotov/develeopment/git/nodejs-hapi-messaging-rest-api/index.js":{"path":"/Users/alexanderzagniotov/develeopment/git/nodejs-hapi-messaging-rest-api/index.js","s":{"1":0,"2":0,"3":0,"4":0},"b":{},"f":{"1":0},"fnMap":{"1":{"name":"(anonymous_1)","line":3,"loc":{"start":{"line":3,"column":13},"end":{"line":3,"column":25}}}},"statementMap":{"1":{"start":{"line":1,"column":0},"end":{"line":1,"column":44}},"2":{"start":{"line":2,"column":0},"end":{"line":2,"column":37}},"3":{"start":{"line":3,"column":0},"end":{"line":5,"column":3}},"4":{"start":{"line":4,"column":4},"end":{"line":4,"column":55}}},"branchMap":{}},"/Users/alexanderzagniotov/develeopment/git/nodejs-hapi-messaging-rest-api/spec/unit/stub.spec.js":{"path":"/Users/alexanderzagniotov/develeopment/git/nodejs-hapi-messaging-rest-api/spec/unit/stub.spec.js","s":{"1":0,"2":0,"3":0},"b":{},"f":{"1":0,"2":0},"fnMap":{"1":{"name":"(anonymous_1)","line":1,"loc":{"start":{"line":1,"column":20},"end":{"line":1,"column":31}}},"2":{"name":"(anonymous_2)","line":2,"loc":{"start":{"line":2,"column":44},"end":{"line":2,"column":55}}}},"statementMap":{"1":{"start":{"line":1,"column":0},"end":{"line":5,"column":3}},"2":{"start":{"line":2,"column":4},"end":{"line":4,"column":7}},"3":{"start":{"line":3,"column":8},"end":{"line":3,"column":32}}},"branchMap":{}}}