TN:
SF:/Users/alexanderzagniotov/develeopment/git/nodejs-hapi-messaging-rest-api/spec/get.data.spec.js
FN:3,(anonymous_1)
FN:4,(anonymous_2)
FN:6,(anonymous_3)
FN:12,(anonymous_4)
FN:14,(anonymous_5)
FNF:5
FNH:5
FNDA:1,(anonymous_1)
FNDA:1,(anonymous_2)
FNDA:1,(anonymous_3)
FNDA:1,(anonymous_4)
FNDA:1,(anonymous_5)
DA:1,1
DA:2,1
DA:3,1
DA:4,1
DA:5,1
DA:6,1
DA:7,1
DA:8,1
DA:9,1
DA:12,1
DA:13,1
DA:14,1
DA:15,1
DA:16,1
DA:17,1
LF:15
LH:15
BRF:0
BRH:0
end_of_record
TN:
SF:/Users/alexanderzagniotov/develeopment/git/nodejs-hapi-messaging-rest-api/server/server.js
FN:3,createServer
FN:10,(anonymous_2)
FN:15,(anonymous_3)
FNF:3
FNH:3
FNDA:2,createServer
FNDA:1,(anonymous_2)
FNDA:2,(anonymous_3)
DA:1,1
DA:2,1
DA:3,1
DA:4,2
DA:5,2
DA:9,2
DA:11,1
DA:14,2
DA:16,2
DA:17,2
DA:18,2
DA:19,1
DA:21,1
DA:25,2
DA:26,2
DA:28,1
LF:16
LH:16
BRDA:18,1,0,1
BRDA:18,1,1,1
BRF:2
BRH:2
end_of_record
TN:
SF:/Users/alexanderzagniotov/develeopment/git/nodejs-hapi-messaging-rest-api/spec/fixtures/data.js
FNF:0
FNH:0
DA:1,1
LF:1
LH:1
BRF:0
BRH:0
end_of_record
TN:
SF:/Users/alexanderzagniotov/develeopment/git/nodejs-hapi-messaging-rest-api/spec/health.check.spec.js
FN:2,(anonymous_1)
FN:3,(anonymous_2)
FN:5,(anonymous_3)
FNF:3
FNH:3
FNDA:1,(anonymous_1)
FNDA:1,(anonymous_2)
FNDA:1,(anonymous_3)
DA:1,1
DA:2,1
DA:3,1
DA:4,1
DA:5,1
DA:6,1
DA:7,1
DA:8,1
LF:8
LH:8
BRF:0
BRH:0
end_of_record
TN:
SF:/Users/alexanderzagniotov/develeopment/git/nodejs-hapi-messaging-rest-api/index.js
FN:5,(anonymous_1)
FNF:1
FNH:0
FNDA:0,(anonymous_1)
DA:1,0
DA:2,0
DA:3,0
DA:5,0
DA:6,0
LF:5
LH:0
BRF:0
BRH:0
end_of_record
