TN:
SF:/Users/alexanderzagniotov/develeopment/git/nodejs-hapi-messaging-rest-api/spec/integration/get.data.spec.js
FN:4,(anonymous_1)
FN:5,(anonymous_2)
FN:7,(anonymous_3)
FN:14,(anonymous_4)
FN:16,(anonymous_5)
FNF:5
FNH:5
FNDA:1,(anonymous_1)
FNDA:1,(anonymous_2)
FNDA:1,(anonymous_3)
FNDA:1,(anonymous_4)
FNDA:1,(anonymous_5)
DA:1,1
DA:2,1
DA:4,1
DA:5,1
DA:6,1
DA:7,1
DA:8,1
DA:9,1
DA:10,1
DA:14,1
DA:15,1
DA:16,1
DA:17,1
DA:18,1
DA:19,1
LF:15
LH:15
BRF:0
BRH:0
end_of_record
TN:
SF:/Users/alexanderzagniotov/develeopment/git/nodejs-hapi-messaging-rest-api/server/server.js
FN:4,listen
FN:11,(anonymous_2)
FN:16,(anonymous_3)
FNF:3
FNH:3
FNDA:2,listen
FNDA:1,(anonymous_2)
FNDA:2,(anonymous_3)
DA:1,1
DA:2,1
DA:4,1
DA:5,2
DA:6,2
DA:10,2
DA:12,1
DA:15,2
DA:17,2
DA:18,2
DA:19,2
DA:20,1
DA:22,1
DA:26,2
DA:27,2
DA:29,1
LF:16
LH:16
BRDA:19,1,0,1
BRDA:19,1,1,1
BRF:2
BRH:2
end_of_record
TN:
SF:/Users/alexanderzagniotov/develeopment/git/nodejs-hapi-messaging-rest-api/spec/fixtures/data.js
FNF:0
FNH:0
DA:1,1
LF:1
LH:1
BRF:0
BRH:0
end_of_record
TN:
SF:/Users/alexanderzagniotov/develeopment/git/nodejs-hapi-messaging-rest-api/spec/integration/health.check.spec.js
FN:3,(anonymous_1)
FN:4,(anonymous_2)
FN:6,(anonymous_3)
FNF:3
FNH:3
FNDA:1,(anonymous_1)
FNDA:1,(anonymous_2)
FNDA:1,(anonymous_3)
DA:1,1
DA:3,1
DA:4,1
DA:5,1
DA:6,1
DA:7,1
DA:8,1
DA:9,1
LF:8
LH:8
BRF:0
BRH:0
end_of_record
TN:
SF:/Users/alexanderzagniotov/develeopment/git/nodejs-hapi-messaging-rest-api/index.js
FN:3,(anonymous_1)
FNF:1
FNH:0
FNDA:0,(anonymous_1)
DA:1,0
DA:2,0
DA:3,0
DA:4,0
LF:4
LH:0
BRF:0
BRH:0
end_of_record
TN:
SF:/Users/alexanderzagniotov/develeopment/git/nodejs-hapi-messaging-rest-api/spec/unit/stub.spec.js
FN:1,(anonymous_1)
FN:2,(anonymous_2)
FNF:2
FNH:0
FNDA:0,(anonymous_1)
FNDA:0,(anonymous_2)
DA:1,0
DA:2,0
DA:3,0
LF:3
LH:0
BRF:0
BRH:0
end_of_record
